<?xml version="1.0" encoding="UTF-8"?>
<testsuite xmlns:xsi="http://www.w3.org/2001/XMLSchema-instance" xsi:noNamespaceSchemaLocation="https://maven.apache.org/surefire/maven-surefire-plugin/xsd/surefire-test-report.xsd" name="TestSuite" time="7.075" tests="1" errors="0" skipped="0" failures="0">
  <properties>
    <property name="sun.desktop" value="windows"/>
    <property name="awt.toolkit" value="sun.awt.windows.WToolkit"/>
    <property name="file.encoding.pkg" value="sun.io"/>
    <property name="java.specification.version" value="1.8"/>
    <property name="sun.cpu.isalist" value="amd64"/>
    <property name="sun.jnu.encoding" value="GBK"/>
    <property name="java.class.path" value="E:\idea-workspace\test-selenium\target\test-classes;E:\idea-workspace\test-selenium\target\classes;E:\Maven\repository\org\testng\testng\6.9.10\testng-6.9.10.jar;E:\Maven\repository\com\beust\jcommander\1.48\jcommander-1.48.jar;E:\Maven\repository\org\beanshell\bsh\2.0b4\bsh-2.0b4.jar;E:\Maven\repository\org\seleniumhq\selenium\selenium-java\3.141.59\selenium-java-3.141.59.jar;E:\Maven\repository\org\seleniumhq\selenium\selenium-api\3.141.59\selenium-api-3.141.59.jar;E:\Maven\repository\org\seleniumhq\selenium\selenium-chrome-driver\3.141.59\selenium-chrome-driver-3.141.59.jar;E:\Maven\repository\org\seleniumhq\selenium\selenium-edge-driver\3.141.59\selenium-edge-driver-3.141.59.jar;E:\Maven\repository\org\seleniumhq\selenium\selenium-firefox-driver\3.141.59\selenium-firefox-driver-3.141.59.jar;E:\Maven\repository\org\seleniumhq\selenium\selenium-ie-driver\3.141.59\selenium-ie-driver-3.141.59.jar;E:\Maven\repository\org\seleniumhq\selenium\selenium-opera-driver\3.141.59\selenium-opera-driver-3.141.59.jar;E:\Maven\repository\org\seleniumhq\selenium\selenium-remote-driver\3.141.59\selenium-remote-driver-3.141.59.jar;E:\Maven\repository\org\seleniumhq\selenium\selenium-safari-driver\3.141.59\selenium-safari-driver-3.141.59.jar;E:\Maven\repository\org\seleniumhq\selenium\selenium-support\3.141.59\selenium-support-3.141.59.jar;E:\Maven\repository\net\bytebuddy\byte-buddy\1.8.15\byte-buddy-1.8.15.jar;E:\Maven\repository\org\apache\commons\commons-exec\1.3\commons-exec-1.3.jar;E:\Maven\repository\com\google\guava\guava\25.0-jre\guava-25.0-jre.jar;E:\Maven\repository\com\google\code\findbugs\jsr305\1.3.9\jsr305-1.3.9.jar;E:\Maven\repository\org\checkerframework\checker-compat-qual\2.0.0\checker-compat-qual-2.0.0.jar;E:\Maven\repository\com\google\errorprone\error_prone_annotations\2.1.3\error_prone_annotations-2.1.3.jar;E:\Maven\repository\com\google\j2objc\j2objc-annotations\1.1\j2objc-annotations-1.1.jar;E:\Maven\repository\org\codehaus\mojo\animal-sniffer-annotations\1.14\animal-sniffer-annotations-1.14.jar;E:\Maven\repository\com\squareup\okhttp3\okhttp\3.11.0\okhttp-3.11.0.jar;E:\Maven\repository\com\squareup\okio\okio\1.14.0\okio-1.14.0.jar;E:\Maven\repository\org\uncommons\reportng\1.1.4\reportng-1.1.4.jar;E:\Maven\repository\velocity\velocity\1.4\velocity-1.4.jar;E:\Maven\repository\velocity\velocity-dep\1.4\velocity-dep-1.4.jar;E:\Maven\repository\com\google\inject\guice\3.0\guice-3.0.jar;E:\Maven\repository\javax\inject\javax.inject\1\javax.inject-1.jar;E:\Maven\repository\aopalliance\aopalliance\1.0\aopalliance-1.0.jar;"/>
    <property name="java.vm.vendor" value="Oracle Corporation"/>
    <property name="sun.arch.data.model" value="64"/>
    <property name="user.variant" value=""/>
    <property name="java.vendor.url" value="http://java.oracle.com/"/>
    <property name="user.timezone" value="Asia/Shanghai"/>
    <property name="java.vm.specification.version" value="1.8"/>
    <property name="os.name" value="Windows 7"/>
    <property name="user.country" value="CN"/>
    <property name="sun.java.launcher" value="SUN_STANDARD"/>
    <property name="sun.boot.library.path" value="C:\Program Files\Java\jdk1.8.0_192\jre\bin"/>
    <property name="sun.java.command" value="C:\Windows\TEMP\surefire654064033539282157\surefirebooter3537160229044622410.jar C:\Windows\Temp\surefire654064033539282157 2021-05-18T15-00-10_676-jvmRun1 surefire6459376090508195648tmp surefire_02980686460578331502tmp"/>
    <property name="surefire.test.class.path" value="E:\idea-workspace\test-selenium\target\test-classes;E:\idea-workspace\test-selenium\target\classes;E:\Maven\repository\org\testng\testng\6.9.10\testng-6.9.10.jar;E:\Maven\repository\com\beust\jcommander\1.48\jcommander-1.48.jar;E:\Maven\repository\org\beanshell\bsh\2.0b4\bsh-2.0b4.jar;E:\Maven\repository\org\seleniumhq\selenium\selenium-java\3.141.59\selenium-java-3.141.59.jar;E:\Maven\repository\org\seleniumhq\selenium\selenium-api\3.141.59\selenium-api-3.141.59.jar;E:\Maven\repository\org\seleniumhq\selenium\selenium-chrome-driver\3.141.59\selenium-chrome-driver-3.141.59.jar;E:\Maven\repository\org\seleniumhq\selenium\selenium-edge-driver\3.141.59\selenium-edge-driver-3.141.59.jar;E:\Maven\repository\org\seleniumhq\selenium\selenium-firefox-driver\3.141.59\selenium-firefox-driver-3.141.59.jar;E:\Maven\repository\org\seleniumhq\selenium\selenium-ie-driver\3.141.59\selenium-ie-driver-3.141.59.jar;E:\Maven\repository\org\seleniumhq\selenium\selenium-opera-driver\3.141.59\selenium-opera-driver-3.141.59.jar;E:\Maven\repository\org\seleniumhq\selenium\selenium-remote-driver\3.141.59\selenium-remote-driver-3.141.59.jar;E:\Maven\repository\org\seleniumhq\selenium\selenium-safari-driver\3.141.59\selenium-safari-driver-3.141.59.jar;E:\Maven\repository\org\seleniumhq\selenium\selenium-support\3.141.59\selenium-support-3.141.59.jar;E:\Maven\repository\net\bytebuddy\byte-buddy\1.8.15\byte-buddy-1.8.15.jar;E:\Maven\repository\org\apache\commons\commons-exec\1.3\commons-exec-1.3.jar;E:\Maven\repository\com\google\guava\guava\25.0-jre\guava-25.0-jre.jar;E:\Maven\repository\com\google\code\findbugs\jsr305\1.3.9\jsr305-1.3.9.jar;E:\Maven\repository\org\checkerframework\checker-compat-qual\2.0.0\checker-compat-qual-2.0.0.jar;E:\Maven\repository\com\google\errorprone\error_prone_annotations\2.1.3\error_prone_annotations-2.1.3.jar;E:\Maven\repository\com\google\j2objc\j2objc-annotations\1.1\j2objc-annotations-1.1.jar;E:\Maven\repository\org\codehaus\mojo\animal-sniffer-annotations\1.14\animal-sniffer-annotations-1.14.jar;E:\Maven\repository\com\squareup\okhttp3\okhttp\3.11.0\okhttp-3.11.0.jar;E:\Maven\repository\com\squareup\okio\okio\1.14.0\okio-1.14.0.jar;E:\Maven\repository\org\uncommons\reportng\1.1.4\reportng-1.1.4.jar;E:\Maven\repository\velocity\velocity\1.4\velocity-1.4.jar;E:\Maven\repository\velocity\velocity-dep\1.4\velocity-dep-1.4.jar;E:\Maven\repository\com\google\inject\guice\3.0\guice-3.0.jar;E:\Maven\repository\javax\inject\javax.inject\1\javax.inject-1.jar;E:\Maven\repository\aopalliance\aopalliance\1.0\aopalliance-1.0.jar;"/>
    <property name="sun.cpu.endian" value="little"/>
    <property name="user.home" value="C:\Windows\system32\config\systemprofile"/>
    <property name="user.language" value="zh"/>
    <property name="java.specification.vendor" value="Oracle Corporation"/>
    <property name="java.home" value="C:\Program Files\Java\jdk1.8.0_192\jre"/>
    <property name="basedir" value="E:\idea-workspace\test-selenium"/>
    <property name="file.separator" value="\"/>
    <property name="line.separator" value="&#10;"/>
    <property name="java.vm.specification.vendor" value="Oracle Corporation"/>
    <property name="java.specification.name" value="Java Platform API Specification"/>
    <property name="java.awt.graphicsenv" value="sun.awt.Win32GraphicsEnvironment"/>
    <property name="surefire.real.class.path" value="C:\Windows\TEMP\surefire654064033539282157\surefirebooter3537160229044622410.jar"/>
    <property name="sun.boot.class.path" value="C:\Program Files\Java\jdk1.8.0_192\jre\lib\resources.jar;C:\Program Files\Java\jdk1.8.0_192\jre\lib\rt.jar;C:\Program Files\Java\jdk1.8.0_192\jre\lib\sunrsasign.jar;C:\Program Files\Java\jdk1.8.0_192\jre\lib\jsse.jar;C:\Program Files\Java\jdk1.8.0_192\jre\lib\jce.jar;C:\Program Files\Java\jdk1.8.0_192\jre\lib\charsets.jar;C:\Program Files\Java\jdk1.8.0_192\jre\lib\jfr.jar;C:\Program Files\Java\jdk1.8.0_192\jre\classes"/>
    <property name="user.script" value=""/>
    <property name="sun.management.compiler" value="HotSpot 64-Bit Tiered Compilers"/>
    <property name="java.runtime.version" value="1.8.0_192-b12"/>
    <property name="user.name" value="MASTER$"/>
    <property name="path.separator" value=";"/>
    <property name="os.version" value="6.1"/>
    <property name="java.endorsed.dirs" value="C:\Program Files\Java\jdk1.8.0_192\jre\lib\endorsed"/>
    <property name="java.runtime.name" value="Java(TM) SE Runtime Environment"/>
    <property name="file.encoding" value="UTF-8"/>
    <property name="java.vm.name" value="Java HotSpot(TM) 64-Bit Server VM"/>
    <property name="localRepository" value="E:\Maven\repository"/>
    <property name="java.vendor.url.bug" value="http://bugreport.sun.com/bugreport/"/>
    <property name="java.io.tmpdir" value="C:\Windows\TEMP\"/>
    <property name="java.version" value="1.8.0_192"/>
    <property name="user.dir" value="E:\idea-workspace\test-selenium"/>
    <property name="os.arch" value="amd64"/>
    <property name="java.vm.specification.name" value="Java Virtual Machine Specification"/>
    <property name="java.awt.printerjob" value="sun.awt.windows.WPrinterJob"/>
    <property name="sun.os.patch.level" value="Service Pack 1"/>
    <property name="java.library.path" value="C:\Program Files\Java\jdk1.8.0_192\jre\bin;C:\Windows\Sun\Java\bin;C:\Windows\system32;C:\Windows;C:\Program Files (x86)\Razer Chroma SDK\bin;C:\Program Files\Razer Chroma SDK\bin;C:\Program Files (x86)\Razer\ChromaBroadcast\bin;C:\Program Files\Razer\ChromaBroadcast\bin;C:\Users\Administrator\AppData\Roaming\Tencent\QQBrowser;E:\Python3.8.5\Scripts\;E:\Python3.8.5\;C:\Windows\system32;C:\Windows;C:\Windows\System32\Wbem;C:\Windows\System32\WindowsPowerShell\v1.0\;C:\Program Files\Java\jdk1.8.0_192\bin;C:\Program Files\MySQL\MySQL Server 5.7\bin;E:\Maven\apache-maven-3.5.2\bin;E:\JMeter\apache-jmeter-5.2.1\lib\ext\ApacheJMeter_core.jar;E:\JMeter\apache-jmeter-5.2.1\lib\jorphan.jar;E:\Git\cmd;E:\Microsoft SQL Server\120\Tools\Binn\;E:\Microsoft SQL Server\Client SDK\ODBC\110\Tools\Binn\;E:\Microsoft SQL Server\x86\120\Tools\Binn\;E:\Microsoft SQL Server\120\DTS\Binn\;E:\Microsoft SQL Server\x86\120\Tools\Binn\ManagementStudio\;E:\Microsoft SQL Server\x86\120\DTS\Binn\;C:\Program Files (x86)\MySQL\MySQL Fabric 1.5 &amp; MySQL Utilities 1.5\;C:\Program Files (x86)\MySQL\MySQL Fabric 1.5 &amp; MySQL Utilities 1.5\Doctrine extensions for PHP\;C:\Program Files\Microsoft SQL Server\110\DTS\Binn\;C:\Program Files (x86)\Microsoft SQL Server\110\Tools\Binn\;C:\Program Files\Microsoft SQL Server\110\Tools\Binn\;C:\Program Files (x86)\Microsoft SQL Server\110\Tools\Binn\ManagementStudio\;C:\Program Files (x86)\Microsoft Visual Studio 10.0\Common7\IDE\PrivateAssemblies\;C:\Program Files (x86)\Microsoft SQL Server\110\DTS\Binn\;E:\Node.js\;C:\Users\Administrator\AppData\Roaming\npm;E:\vscode\Microsoft VS Code\bin;E:\fiddler;D:\驱动精灵\DriverGenius;D:\驱动精灵\DriverGenius\ksoft;;."/>
    <property name="java.vm.info" value="mixed mode"/>
    <property name="java.vendor" value="Oracle Corporation"/>
    <property name="java.vm.version" value="25.192-b12"/>
    <property name="java.ext.dirs" value="C:\Program Files\Java\jdk1.8.0_192\jre\lib\ext;C:\Windows\Sun\Java\lib\ext"/>
    <property name="sun.io.unicode.encoding" value="UnicodeLittle"/>
    <property name="java.class.version" value="52.0"/>
  </properties>
  <testcase name="test1" classname="com.xia.test_baidu" time="0.001"/>
</testsuite>