<?xml version="1.0" encoding="UTF-8"?>
<!-- Generated by org.testng.reporters.JUnitReportReporter -->
<testsuite hostname="Master" name="com.xia.test_baidu" tests="1" failures="0" timestamp="18 May 2021 07:00:19 GMT" time="0.003" errors="0">
  <testcase name="test1" time="0.003" classname="com.xia.test_baidu"/>
</testsuite> <!-- com.xia.test_baidu -->
